<?xml version="1.0" encoding="UTF-8"?>
<testng-results skipped="0" failed="1" total="1" passed="0">
  <reporter-output>
  </reporter-output>
  <suite name="Default suite" duration-ms="42178" started-at="2017-09-25T15:01:18Z" finished-at="2017-09-25T15:02:01Z">
    <groups>
    </groups>
    <test name="Default test" duration-ms="42178" started-at="2017-09-25T15:01:18Z" finished-at="2017-09-25T15:02:01Z">
      <class name="testCases.TC007_DuplicateLead">
        <test-method status="PASS" signature="beforeSuite()[pri:0, instance:testCases.TC007_DuplicateLead@61f5df]" name="beforeSuite" is-config="true" duration-ms="947" started-at="2017-09-25T20:31:18Z" finished-at="2017-09-25T20:31:18Z">
          <reporter-output>
          </reporter-output>
        </test-method> <!-- beforeSuite -->
        <test-method status="PASS" signature="beforeTest()[pri:0, instance:testCases.TC007_DuplicateLead@61f5df]" name="beforeTest" is-config="true" duration-ms="1" started-at="2017-09-25T20:31:18Z" finished-at="2017-09-25T20:31:18Z">
          <reporter-output>
          </reporter-output>
        </test-method> <!-- beforeTest -->
        <test-method status="PASS" signature="testDetails()[pri:0, instance:testCases.TC007_DuplicateLead@61f5df]" name="testDetails" is-config="true" duration-ms="0" started-at="2017-09-25T20:31:18Z" finished-at="2017-09-25T20:31:18Z">
          <reporter-output>
          </reporter-output>
        </test-method> <!-- testDetails -->
        <test-method status="PASS" signature="beforeMethod()[pri:0, instance:testCases.TC007_DuplicateLead@61f5df]" name="beforeMethod" is-config="true" duration-ms="7863" started-at="2017-09-25T20:31:19Z" finished-at="2017-09-25T20:31:27Z">
          <reporter-output>
          </reporter-output>
        </test-method> <!-- beforeMethod -->
        <test-method status="FAIL" signature="duplicateLead(java.lang.String, java.lang.String)[pri:0, instance:testCases.TC007_DuplicateLead@61f5df]" name="duplicateLead" duration-ms="32155" started-at="2017-09-25T20:31:27Z" data-provider="fetchData" finished-at="2017-09-25T20:31:59Z">
          <params>
            <param index="0">
              <value>
                <![CDATA[DemoSalesManager]]>
              </value>
            </param>
            <param index="1">
              <value>
                <![CDATA[crmsfa]]>
              </value>
            </param>
          </params>
          <exception class="java.lang.RuntimeException">
            <message>
              <![CDATA[FAILED]]>
            </message>
            <full-stacktrace>
              <![CDATA[java.lang.RuntimeException: FAILED
	at utils.Reporter.reportStep(Reporter.java:31)
	at pages.FindLead.<init>(FindLead.java:15)
	at pages.ViewLead.verifyFirstName(ViewLead.java:68)
	at testCases.TC007_DuplicateLead.duplicateLead(TC007_DuplicateLead.java:68)
	at sun.reflect.NativeMethodAccessorImpl.invoke0(Native Method)
	at sun.reflect.NativeMethodAccessorImpl.invoke(Unknown Source)
	at sun.reflect.DelegatingMethodAccessorImpl.invoke(Unknown Source)
	at java.lang.reflect.Method.invoke(Unknown Source)
	at org.testng.internal.MethodInvocationHelper.invokeMethod(MethodInvocationHelper.java:86)
	at org.testng.internal.Invoker.invokeMethod(Invoker.java:643)
	at org.testng.internal.Invoker.invokeTestMethod(Invoker.java:820)
	at org.testng.internal.Invoker.invokeTestMethods(Invoker.java:1128)
	at org.testng.internal.TestMethodWorker.invokeTestMethods(TestMethodWorker.java:129)
	at org.testng.internal.TestMethodWorker.run(TestMethodWorker.java:112)
	at org.testng.TestRunner.privateRun(TestRunner.java:782)
	at org.testng.TestRunner.run(TestRunner.java:632)
	at org.testng.SuiteRunner.runTest(SuiteRunner.java:366)
	at org.testng.SuiteRunner.runSequentially(SuiteRunner.java:361)
	at org.testng.SuiteRunner.privateRun(SuiteRunner.java:319)
	at org.testng.SuiteRunner.run(SuiteRunner.java:268)
	at org.testng.SuiteRunnerWorker.runSuite(SuiteRunnerWorker.java:52)
	at org.testng.SuiteRunnerWorker.run(SuiteRunnerWorker.java:86)
	at org.testng.TestNG.runSuitesSequentially(TestNG.java:1244)
	at org.testng.TestNG.runSuitesLocally(TestNG.java:1169)
	at org.testng.TestNG.run(TestNG.java:1064)
	at org.testng.remote.RemoteTestNG.run(RemoteTestNG.java:113)
	at org.testng.remote.RemoteTestNG.initAndRun(RemoteTestNG.java:206)
	at org.testng.remote.RemoteTestNG.main(RemoteTestNG.java:177)
]]>
            </full-stacktrace>
          </exception> <!-- java.lang.RuntimeException -->
          <reporter-output>
          </reporter-output>
        </test-method> <!-- duplicateLead -->
        <test-method status="PASS" signature="afterMethod()[pri:0, instance:testCases.TC007_DuplicateLead@61f5df]" name="afterMethod" is-config="true" duration-ms="1273" started-at="2017-09-25T20:31:59Z" finished-at="2017-09-25T20:32:01Z">
          <reporter-output>
          </reporter-output>
        </test-method> <!-- afterMethod -->
        <test-method status="PASS" signature="afterTest()[pri:0, instance:testCases.TC007_DuplicateLead@61f5df]" name="afterTest" is-config="true" duration-ms="1" started-at="2017-09-25T20:32:01Z" finished-at="2017-09-25T20:32:01Z">
          <reporter-output>
          </reporter-output>
        </test-method> <!-- afterTest -->
        <test-method status="PASS" signature="afterSuite()[pri:0, instance:testCases.TC007_DuplicateLead@61f5df]" name="afterSuite" is-config="true" duration-ms="536" started-at="2017-09-25T20:32:01Z" finished-at="2017-09-25T20:32:01Z">
          <reporter-output>
          </reporter-output>
        </test-method> <!-- afterSuite -->
      </class> <!-- testCases.TC007_DuplicateLead -->
    </test> <!-- Default test -->
  </suite> <!-- Default suite -->
</testng-results>
